[0m08:51:24.447002 [debug] [MainThread]: Sending event: {'category': 'dbt', 'action': 'invocation', 'label': 'start', 'context': [<snowplow_tracker.self_describing_json.SelfDescribingJson object at 0x0000021A51E1AF30>, <snowplow_tracker.self_describing_json.SelfDescribingJson object at 0x0000021A51E1B830>, <snowplow_tracker.self_describing_json.SelfDescribingJson object at 0x0000021A51E1A3C0>]}


============================== 08:51:24.451782 | 947b1134-150d-48f8-a17b-880b7b4c1f88 ==============================
[0m08:51:24.451782 [info ] [MainThread]: Running with dbt=1.7.19
[0m08:51:24.452810 [debug] [MainThread]: running dbt with arguments {'printer_width': '80', 'indirect_selection': 'eager', 'write_json': 'True', 'log_cache_events': 'False', 'partial_parse': 'True', 'cache_selected_only': 'False', 'warn_error': 'None', 'version_check': 'True', 'fail_fast': 'False', 'log_path': 'logs', 'profiles_dir': 'C:\\Users\\anton\\.dbt', 'debug': 'False', 'use_colors': 'True', 'use_experimental_parser': 'False', 'no_print': 'None', 'quiet': 'False', 'warn_error_options': 'WarnErrorOptions(include=[], exclude=[])', 'invocation_command': 'dbt init', 'log_format': 'default', 'introspect': 'True', 'target_path': 'None', 'static_parser': 'True', 'send_anonymous_usage_stats': 'True'}
[0m08:52:21.422913 [debug] [MainThread]: Starter project path: C:\Users\anton\Desktop\Projet 3 planet\Exoplanet_Life\dbt-env-312\Lib\site-packages\dbt\include\starter_project
[0m08:52:21.453325 [info ] [MainThread]: 
Your new dbt project "Exoplanet_DBT" was created!

For more information on how to configure the profiles.yml file,
please consult the dbt documentation here:

  https://docs.getdbt.com/docs/configure-your-profile

One more thing:

Need help? Don't hesitate to reach out to us via GitHub issues or on Slack:

  https://community.getdbt.com/

Happy modeling!

[0m08:52:21.454327 [info ] [MainThread]: Setting up your profile.
[0m08:52:25.015066 [debug] [MainThread]: Command `dbt init` succeeded at 08:52:25.014041 after 60.69 seconds
[0m08:52:25.015066 [debug] [MainThread]: Sending event: {'category': 'dbt', 'action': 'invocation', 'label': 'end', 'context': [<snowplow_tracker.self_describing_json.SelfDescribingJson object at 0x0000021A519D5880>, <snowplow_tracker.self_describing_json.SelfDescribingJson object at 0x0000021A51E3B5C0>, <snowplow_tracker.self_describing_json.SelfDescribingJson object at 0x0000021A50DFCFB0>]}
[0m08:52:25.015066 [debug] [MainThread]: Flushing usage events
[0m14:47:46.903247 [debug] [MainThread]: Sending event: {'category': 'dbt', 'action': 'invocation', 'label': 'start', 'context': [<snowplow_tracker.self_describing_json.SelfDescribingJson object at 0x00000251908DA4B0>, <snowplow_tracker.self_describing_json.SelfDescribingJson object at 0x00000251908DB500>, <snowplow_tracker.self_describing_json.SelfDescribingJson object at 0x00000251908DAC00>]}


============================== 14:47:46.908653 | e26cdbd4-d871-430a-917a-6269e9669c53 ==============================
[0m14:47:46.908653 [info ] [MainThread]: Running with dbt=1.7.19
[0m14:47:46.909745 [debug] [MainThread]: running dbt with arguments {'printer_width': '80', 'indirect_selection': 'eager', 'log_cache_events': 'False', 'write_json': 'True', 'partial_parse': 'True', 'cache_selected_only': 'False', 'profiles_dir': 'C:\\Users\\anton\\.dbt', 'version_check': 'True', 'debug': 'False', 'log_path': 'logs', 'fail_fast': 'False', 'warn_error': 'None', 'use_colors': 'True', 'use_experimental_parser': 'False', 'no_print': 'None', 'quiet': 'False', 'log_format': 'default', 'invocation_command': 'dbt seed', 'introspect': 'True', 'warn_error_options': 'WarnErrorOptions(include=[], exclude=[])', 'target_path': 'None', 'static_parser': 'True', 'send_anonymous_usage_stats': 'True'}
[0m14:47:46.909745 [error] [MainThread]: Encountered an error:
Runtime Error
  No dbt_project.yml found at expected path C:\Users\anton\Desktop\Projet 3 planet\Exoplanet_Life\dbt_project.yml
  Verify that each entry within packages.yml (and their transitive dependencies) contains a file named dbt_project.yml
  
[0m14:47:46.910749 [debug] [MainThread]: Command `dbt seed` failed at 14:47:46.910749 after 0.11 seconds
[0m14:47:46.910749 [debug] [MainThread]: Sending event: {'category': 'dbt', 'action': 'invocation', 'label': 'end', 'context': [<snowplow_tracker.self_describing_json.SelfDescribingJson object at 0x0000025190567890>, <snowplow_tracker.self_describing_json.SelfDescribingJson object at 0x00000251908A3410>, <snowplow_tracker.self_describing_json.SelfDescribingJson object at 0x00000251908A3680>]}
[0m14:47:46.911780 [debug] [MainThread]: Flushing usage events
